2025-04-17 20:43:27 - INFO - [ SERVER API ][ Connecting to database and starting API...]
2025-04-17 20:46:28 - INFO - [ SERVER API ][ Connecting to database and starting API...]
2025-04-17 20:47:50 - INFO - [ SERVER API ][ Connecting to database and starting API...]
2025-04-17 20:51:39 - INFO - [ SERVER API ][ Connecting to database and starting API...]
2025-04-17 20:56:47 - INFO - [ SERVER API ][ Connecting to database and starting API...]
2025-04-17 20:57:05 - ERROR - [ SERVER API ][ Error adding post: Invalid document {'uuid': 'uuid-002', 'post_link': 'https://www.facebook.com/user/posts/987654321', 'comments': [], 'analyses': [Analysis(model='modelA', result={'sentiment': 'neutral', 'keywords': ['launch', 'product']})], '_id': ObjectId('680140f14dd47868708db70b')} | cannot encode object: Analysis(model='modelA', result={'sentiment': 'neutral', 'keywords': ['launch', 'product']}), of type: <class 'database.posts.Analysis'> ]
2025-04-17 20:57:19 - INFO - [ SERVER API ][ Post added successfully: 680140fd4dd47868708db70c ]
2025-04-17 20:57:28 - ERROR - [ SERVER API ][ Error adding post: Invalid document {'uuid': 'uuid-002', 'post_link': 'https://www.tiktok.com/@anotheruser/video/192837465', 'comments': ['Love this dance!', 'How do you do it?', 'Saved!'], 'analyses': [Analysis(model='modelB', result={'sentiment': 'positive', 'confidence': 0.92})], '_id': ObjectId('680141084dd47868708db70d')} | cannot encode object: Analysis(model='modelB', result={'sentiment': 'positive', 'confidence': 0.92}), of type: <class 'database.posts.Analysis'> ]
2025-04-17 20:57:50 - INFO - [ SERVER API ][ Fetching post history for uuid: uuid-002 ]
2025-04-17 20:57:50 - INFO - [ SERVER API ][ Found 0 posts with analyses for uuid: uuid-002 ]
2025-04-17 20:59:04 - INFO - [ SERVER API ][ Fetching post history for uuid: uuid-002 ]
2025-04-17 20:59:05 - INFO - [ SERVER API ][ Found 0 posts with analyses for uuid: uuid-002 ]
2025-04-17 21:04:42 - INFO - [ SERVER API ][ Connecting to database and starting API...]
2025-04-17 21:06:20 - INFO - [ SERVER API ][ Post added successfully: 68014319a758f6dc44baa73b ]
2025-04-17 21:06:52 - INFO - [ SERVER API ][ Post added successfully: 6801433ba758f6dc44baa73c ]
2025-04-17 21:07:00 - INFO - [ SERVER API ][ Fetching post history for uuid: uuid-002 ]
2025-04-17 21:07:00 - INFO - [ SERVER API ][ Found 2 posts with analyses for uuid: uuid-002 ]
2025-04-17 21:09:42 - INFO - [ SERVER API ][ Connecting to database and starting API...]
2025-04-17 21:10:14 - INFO - [ SERVER API ][ Post added successfully: 68014401983afa409cba77dd ]
2025-04-17 21:11:19 - WARNING - [ SERVER API ][ Analysis model not found: modelB ]
2025-04-17 21:11:19 - ERROR - [ SERVER API ][ Error deleting post or analysis: 404: Analysis model not found ]
2025-04-17 21:13:03 - WARNING - [ SERVER API ][ Analysis model not found: modelB ]
2025-04-17 21:13:03 - ERROR - [ SERVER API ][ Error deleting post or analysis: 404: Analysis model not found ]
2025-04-17 21:13:04 - INFO - [ SERVER API ][ Connecting to database and starting API...]
2025-04-17 21:13:12 - INFO - [ SERVER API ][ Post and analysis deleted: 6801433ba758f6dc44baa73c ]
2025-04-17 21:41:55 - INFO - [ SERVER API ][ Connecting to database and starting API...]
2025-04-17 21:45:30 - INFO - [ SERVER API ][ Received analysis request: uuid=uuid-001, link=https://www.tiktok.com/@user/video/1234567890, model=modelA ]
2025-04-17 21:45:30 - INFO - [ SERVER API ][ Post exists, sending data to Preprocessor for model: modelA ]
2025-04-17 21:45:30 - INFO - [ SERVER API ][ Preprocessing Payload: {'uuid': 'uuid-001', 'model': 'modelA', 'comments': ['\U0001f525\U0001f525\U0001f525', 'Too funny \U0001f602', 'I love this!']} ]
2025-04-17 21:49:23 - INFO - [ SERVER API ][ Connecting to database and starting API...]
2025-04-22 12:03:20 - INFO - [ SERVER API ][ Connecting to database and starting API...]
2025-04-22 12:05:08 - INFO - [ SERVER API ][ Fetching post history for uuid: uuid-001 ]
2025-04-22 12:05:08 - INFO - [ SERVER API ][ Found 0 posts with analyses for uuid: uuid-001 ]
2025-04-22 12:05:33 - INFO - [ SERVER API ][ Fetching post history for uuid: uuid-002 ]
2025-04-22 12:05:33 - INFO - [ SERVER API ][ Found 2 posts with analyses for uuid: uuid-002 ]
2025-04-22 12:05:42 - INFO - [ SERVER API ][ Fetching post history for uuid: uuid-001 ]
2025-04-22 12:05:42 - INFO - [ SERVER API ][ Found 0 posts with analyses for uuid: uuid-001 ]
2025-04-22 12:06:03 - INFO - [ SERVER API ][ Fetching post history for uuid: uuid-001 ]
2025-04-22 12:06:04 - INFO - [ SERVER API ][ Found 0 posts with analyses for uuid: uuid-001 ]
2025-04-22 12:06:13 - INFO - [ SERVER API ][ Fetching post history for uuid: uuid-003 ]
2025-04-22 12:06:13 - INFO - [ SERVER API ][ Found 0 posts with analyses for uuid: uuid-003 ]
2025-04-22 12:06:17 - INFO - [ SERVER API ][ Fetching post history for uuid: uuid-002 ]
2025-04-22 12:06:17 - INFO - [ SERVER API ][ Found 2 posts with analyses for uuid: uuid-002 ]
2025-04-22 12:06:34 - INFO - [ SERVER API ][ Fetching post history for uuid: uuid-001 ]
2025-04-22 12:06:34 - INFO - [ SERVER API ][ Found 0 posts with analyses for uuid: uuid-001 ]
2025-04-22 12:06:41 - INFO - [ SERVER API ][ Fetching post history for uuid: uuid-002 ]
2025-04-22 12:06:41 - INFO - [ SERVER API ][ Found 2 posts with analyses for uuid: uuid-002 ]
2025-04-22 12:08:20 - INFO - [ SERVER API ][ Connecting to database and starting API...]
2025-04-22 12:13:20 - INFO - [ SERVER API ][ Connecting to database and starting API...]
2025-04-22 12:33:41 - INFO - [ SERVER API ][ Connecting to database and starting API...]
2025-04-22 12:38:42 - INFO - [ SERVER API ][ Connecting to database and starting API...]
2025-04-22 12:55:00 - INFO - [ SERVER API ][ Connecting to database and starting API...]
2025-04-22 12:55:10 - INFO - [ SERVER API ][ Received analysis request: uuid=uuid-001, link=https://www.tiktok.com/@user/video/1234567890, model=bert ]
2025-04-22 12:55:10 - INFO - [ SERVER API ][ Post found, returning data for model: bert ]
2025-04-22 12:55:10 - INFO - [ SERVER API ][ Returning Payload: {'_id': '6801398c9ebdc08b9648d9ea', 'uuid': 'uuid-001', 'post_link': 'https://www.tiktok.com/@user/video/1234567890', 'comments': ['\U0001f525\U0001f525\U0001f525', 'Too funny \U0001f602', 'I love this!']} ]
2025-04-22 20:14:50 - INFO - [ SERVER API ][ Connecting to database and starting API...]
2025-04-22 20:15:48 - INFO - [ SERVER API ][ Received analysis request: uuid=uuid-001, link=https://www.tiktok.com/@user/video/1234567890, model=bert ]
2025-04-22 20:16:18 - ERROR - Error in get-analysis: SSL handshake failed: ac-edcjzt8-shard-00-02.p6uyawk.mongodb.net:27017: [SSL: TLSV1_ALERT_INTERNAL_ERROR] tlsv1 alert internal error (_ssl.c:1000) (configured timeouts: socketTimeoutMS: 20000.0ms, connectTimeoutMS: 20000.0ms),SSL handshake failed: ac-edcjzt8-shard-00-00.p6uyawk.mongodb.net:27017: [SSL: TLSV1_ALERT_INTERNAL_ERROR] tlsv1 alert internal error (_ssl.c:1000) (configured timeouts: socketTimeoutMS: 20000.0ms, connectTimeoutMS: 20000.0ms),SSL handshake failed: ac-edcjzt8-shard-00-01.p6uyawk.mongodb.net:27017: [SSL: TLSV1_ALERT_INTERNAL_ERROR] tlsv1 alert internal error (_ssl.c:1000) (configured timeouts: socketTimeoutMS: 20000.0ms, connectTimeoutMS: 20000.0ms), Timeout: 30s, Topology Description: <TopologyDescription id: 6807ce8a7c7dfbf288fa13f3, topology_type: ReplicaSetNoPrimary, servers: [<ServerDescription ('ac-edcjzt8-shard-00-00.p6uyawk.mongodb.net', 27017) server_type: Unknown, rtt: None, error=AutoReconnect('SSL handshake failed: ac-edcjzt8-shard-00-00.p6uyawk.mongodb.net:27017: [SSL: TLSV1_ALERT_INTERNAL_ERROR] tlsv1 alert internal error (_ssl.c:1000) (configured timeouts: socketTimeoutMS: 20000.0ms, connectTimeoutMS: 20000.0ms)')>, <ServerDescription ('ac-edcjzt8-shard-00-01.p6uyawk.mongodb.net', 27017) server_type: Unknown, rtt: None, error=AutoReconnect('SSL handshake failed: ac-edcjzt8-shard-00-01.p6uyawk.mongodb.net:27017: [SSL: TLSV1_ALERT_INTERNAL_ERROR] tlsv1 alert internal error (_ssl.c:1000) (configured timeouts: socketTimeoutMS: 20000.0ms, connectTimeoutMS: 20000.0ms)')>, <ServerDescription ('ac-edcjzt8-shard-00-02.p6uyawk.mongodb.net', 27017) server_type: Unknown, rtt: None, error=AutoReconnect('SSL handshake failed: ac-edcjzt8-shard-00-02.p6uyawk.mongodb.net:27017: [SSL: TLSV1_ALERT_INTERNAL_ERROR] tlsv1 alert internal error (_ssl.c:1000) (configured timeouts: socketTimeoutMS: 20000.0ms, connectTimeoutMS: 20000.0ms)')>]>
2025-04-22 20:17:17 - INFO - [ SERVER API ][ Fetching post history for uuid: uuid-003 ]
2025-04-22 20:17:45 - INFO - [ SERVER API ][ Found 0 posts with analyses for uuid: uuid-003 ]
2025-04-22 20:18:08 - INFO - [ SERVER API ][ Fetching post history for uuid: uuid-003 ]
2025-04-22 20:18:08 - INFO - [ SERVER API ][ Found 0 posts with analyses for uuid: uuid-003 ]
2025-04-22 20:18:17 - INFO - [ SERVER API ][ Fetching post history for uuid: uuid-001 ]
2025-04-22 20:18:17 - INFO - [ SERVER API ][ Found 0 posts with analyses for uuid: uuid-001 ]
2025-04-22 20:18:26 - INFO - [ SERVER API ][ Received analysis request: uuid=uuid-001, link=https://www.tiktok.com/@user/video/1234567890, model=bert ]
2025-04-22 20:18:26 - INFO - [ SERVER API ][ Post found, returning data for model: bert ]
2025-04-22 20:18:26 - INFO - [ SERVER API ][ Returning Payload: {'_id': '6801398c9ebdc08b9648d9ea', 'uuid': 'uuid-001', 'post_link': 'https://www.tiktok.com/@user/video/1234567890', 'comments': ['\U0001f525\U0001f525\U0001f525', 'Too funny \U0001f602', 'I love this!']} ]
2025-04-22 20:18:26 - INFO - <BrokerConnection client_id=kafka-python-producer-1, node_id=bootstrap-0 host=localhost:9092 <connecting> [IPv6 ('::1', 9092, 0, 0)]>: connecting to localhost:9092 [('::1', 9092, 0, 0) IPv6]
2025-04-22 20:18:26 - INFO - <BrokerConnection client_id=kafka-python-producer-1, node_id=bootstrap-0 host=localhost:9092 <checking_api_versions_recv> [IPv6 ('::1', 9092, 0, 0)]>: Broker version identified as 2.6
2025-04-22 20:18:26 - INFO - <BrokerConnection client_id=kafka-python-producer-1, node_id=bootstrap-0 host=localhost:9092 <connected> [IPv6 ('::1', 9092, 0, 0)]>: Connection complete.
2025-04-22 20:18:26 - INFO - <BrokerConnection client_id=kafka-python-producer-1, node_id=1 host=localhost:9092 <connecting> [IPv6 ('::1', 9092, 0, 0)]>: connecting to localhost:9092 [('::1', 9092, 0, 0) IPv6]
2025-04-22 20:18:26 - INFO - <BrokerConnection client_id=kafka-python-producer-1, node_id=1 host=localhost:9092 <connected> [IPv6 ('::1', 9092, 0, 0)]>: Connection complete.
2025-04-22 20:18:26 - INFO - <BrokerConnection client_id=kafka-python-producer-1, node_id=bootstrap-0 host=localhost:9092 <connected> [IPv6 ('::1', 9092, 0, 0)]>: Closing connection. 
2025-04-22 20:18:26 - INFO - [ KAFKA PRODUCER ][ Message sent to Kafka topic: to_preprocessing | Message: {'_id': '6801398c9ebdc08b9648d9ea', 'uuid': 'uuid-001', 'post_link': 'https://www.tiktok.com/@user/video/1234567890', 'comments': ['\U0001f525\U0001f525\U0001f525', 'Too funny \U0001f602', 'I love this!']} ]
2025-04-22 20:18:26 - INFO - Closing the Kafka producer with 4294967.0 secs timeout.
2025-04-22 20:18:26 - INFO - <BrokerConnection client_id=kafka-python-producer-1, node_id=1 host=localhost:9092 <connected> [IPv6 ('::1', 9092, 0, 0)]>: Closing connection. 
